<?xml version="1.0" encoding="UTF-8"?>
<!-- Generated by org.testng.reporters.JUnitReportReporter -->
<testsuite hostname="INSPIRON-5567" failures="0" tests="1" name="testPackage.FireFoxBrowser" time="740.078" errors="0" timestamp="2024-05-09T21:12:30 IST" skipped="0">
  <testcase classname="testPackage.FireFoxBrowser" name="run" time="740.078"/>
</testsuite> <!-- testPackage.FireFoxBrowser -->
